1



            * * * * * * * * * * * * * * * * * * * * * * * * * * * 
            *                                                   *
            *                    C O N M I N                    *
            *                                                   *
            *                FORTRAN PROGRAM FOR                *
            *                                                   *
            *         CONSTRAINED FUNCTION MINIMIZATION         *
            *                                                   *
            * * * * * * * * * * * * * * * * * * * * * * * * * * * 




     CONSTRAINED FUNCTION MINIMIZATION

     CONTROL PARAMETERS

     IPRINT  NDV    ITMAX    NCON    NSIDE  ICNDIR   NSCAL   NFDG
       2      50   10000     149       0      51       0       1

     LINOBJ  ITRM     N1      N2      N3      N4      N5
       0       2      52     249     249     249     498

         CT              CTMIN           CTL             CTLMIN
     -0.10000E+00     0.40000E-02    -0.10000E-01     0.10000E-02

         THETA           PHI             DELFUN          DABFUN
      0.10000E+01     0.50000E+01     0.10000E-05     0.13076E+00

         FDCH            FDCHM           ALPHAX          ABOBJ1
      0.10000E-01     0.10000E-01     0.10000E+00     0.10000E+00

     ALL CONSTRAINTS ARE NON-LINEAR


     INITIAL FUNCTION INFORMATION

     OBJ =   0.130759E+06

     DECISION VARIABLES (X-VECTOR)
       1)    0.25600E+13  0.23082E+13  0.19948E+13  0.16660E+13  0.14470E+13  0.12567E+13
       7)    0.10915E+13  0.94796E+12  0.82332E+12  0.71506E+12  0.62104E+12  0.53938E+12
      13)    0.46846E+12  0.40686E+12  0.35336E+12  0.30690E+12  0.26655E+12  0.23150E+12
      19)    0.20106E+12  0.17462E+12  0.15166E+12  0.13172E+12  0.11440E+12  0.99357E+11
      25)    0.86293E+11  0.74946E+11  0.65092E+11  0.56533E+11  0.49100E+11  0.42644E+11
      31)    0.37036E+11  0.32167E+11  0.27937E+11  0.24264E+11  0.21073E+11  0.18302E+11
      37)    0.15896E+11  0.13806E+11  0.11990E+11  0.10414E+11  0.90445E+10  0.78552E+10
      43)    0.68224E+10  0.59253E+10  0.51462E+10  0.44695E+10  0.38818E+10  0.31847E+10
      49)    0.27903E+10  0.25600E+10

     CONSTRAINT VALUES (G-VECTOR)
       1)   -0.52723E+14 -0.43700E+14 -0.36209E+14 -0.30005E+14 -0.24863E+14 -0.20603E+14
       7)   -0.17072E+14 -0.14147E+14 -0.11723E+14 -0.97139E+13 -0.80494E+13 -0.66701E+13
      13)   -0.55271E+13 -0.45800E+13 -0.37952E+13 -0.31448E+13 -0.26060E+13 -0.21594E+13
      19)   -0.17894E+13 -0.14828E+13 -0.12287E+13 -0.10181E+13 -0.84367E+12 -0.69910E+12
      25)   -0.57930E+12 -0.48004E+12 -0.39778E+12 -0.32962E+12 -0.27313E+12 -0.22633E+12
      31)   -0.18755E+12 -0.15541E+12 -0.12878E+12 -0.10671E+12 -0.88426E+11 -0.73273E+11
      37)   -0.60718E+11 -0.50313E+11 -0.41692E+11 -0.34547E+11 -0.28628E+11 -0.23722E+11
      43)   -0.19657E+11 -0.16289E+11 -0.13497E+11 -0.11186E+11 -0.77011E+10 -0.77011E+10
      49)   -0.77011E+10 -0.77011E+10 -0.25600E+13 -0.23082E+13 -0.19948E+13 -0.16660E+13
      55)   -0.14470E+13 -0.12567E+13 -0.10915E+13 -0.94796E+12 -0.82332E+12 -0.71506E+12
      61)   -0.62104E+12 -0.53938E+12 -0.46846E+12 -0.40686E+12 -0.35336E+12 -0.30690E+12
      67)   -0.26655E+12 -0.23150E+12 -0.20106E+12 -0.17462E+12 -0.15166E+12 -0.13172E+12
      73)   -0.11440E+12 -0.99357E+11 -0.86293E+11 -0.74946E+11 -0.65092E+11 -0.56533E+11
      79)   -0.49100E+11 -0.42644E+11 -0.37036E+11 -0.32167E+11 -0.27937E+11 -0.24264E+11
      85)   -0.21073E+11 -0.18302E+11 -0.15896E+11 -0.13806E+11 -0.11990E+11 -0.10414E+11
      91)   -0.90445E+10 -0.78552E+10 -0.68224E+10 -0.59253E+10 -0.51462E+10 -0.44695E+10
      97)   -0.38818E+10 -0.31847E+10 -0.27903E+10 -0.25600E+10 -0.25181E+12 -0.31338E+12
     103)   -0.32877E+12 -0.21906E+12 -0.19027E+12 -0.16524E+12 -0.14352E+12 -0.12465E+12
     109)   -0.10826E+12 -0.94022E+11 -0.81660E+11 -0.70922E+11 -0.61597E+11 -0.53497E+11
     115)   -0.46463E+11 -0.40354E+11 -0.35048E+11 -0.30439E+11 -0.26437E+11 -0.22961E+11
     121)   -0.19942E+11 -0.17320E+11 -0.15042E+11 -0.13064E+11 -0.11347E+11 -0.98546E+10
     127)   -0.85588E+10 -0.74335E+10 -0.64560E+10 -0.56071E+10 -0.48699E+10 -0.42295E+10
     133)   -0.36734E+10 -0.31904E+10 -0.27709E+10 -0.24065E+10 -0.20901E+10 -0.18153E+10
     139)   -0.15766E+10 -0.13693E+10 -0.11892E+10 -0.10329E+10 -0.89706E+09 -0.77911E+09
     145)   -0.67666E+09 -0.58770E+09 -0.69712E+09 -0.39443E+09 -0.23027E+09
 




     ITER =    1     OBJ =   0.13076E+06     NO CHANGE IN OBJ

     DECISION VARIABLES (X-VECTOR)
       1)    0.25600E+13  0.23082E+13  0.19948E+13  0.16660E+13  0.14470E+13  0.12567E+13
       7)    0.10915E+13  0.94796E+12  0.82332E+12  0.71506E+12  0.62104E+12  0.53938E+12
      13)    0.46846E+12  0.40686E+12  0.35336E+12  0.30690E+12  0.26655E+12  0.23150E+12
      19)    0.20106E+12  0.17462E+12  0.15166E+12  0.13172E+12  0.11440E+12  0.99357E+11
      25)    0.86293E+11  0.74946E+11  0.65092E+11  0.56533E+11  0.49100E+11  0.42644E+11
      31)    0.37036E+11  0.32167E+11  0.27937E+11  0.24264E+11  0.21073E+11  0.18302E+11
      37)    0.15896E+11  0.13806E+11  0.11990E+11  0.10414E+11  0.90445E+10  0.78552E+10
      43)    0.68224E+10  0.59253E+10  0.51462E+10  0.44695E+10  0.38818E+10  0.31847E+10
      49)    0.27903E+10  0.25600E+10

     CONSTRAINT VALUES (G-VECTOR)
       1)   -0.52723E+14 -0.43700E+14 -0.36209E+14 -0.30005E+14 -0.24863E+14 -0.20603E+14
       7)   -0.17072E+14 -0.14147E+14 -0.11723E+14 -0.97139E+13 -0.80494E+13 -0.66701E+13
      13)   -0.55271E+13 -0.45800E+13 -0.37952E+13 -0.31448E+13 -0.26060E+13 -0.21594E+13
      19)   -0.17894E+13 -0.14828E+13 -0.12287E+13 -0.10181E+13 -0.84367E+12 -0.69910E+12
      25)   -0.57930E+12 -0.48004E+12 -0.39778E+12 -0.32962E+12 -0.27313E+12 -0.22633E+12
      31)   -0.18755E+12 -0.15541E+12 -0.12878E+12 -0.10671E+12 -0.88426E+11 -0.73273E+11
      37)   -0.60718E+11 -0.50313E+11 -0.41692E+11 -0.34547E+11 -0.28628E+11 -0.23722E+11
      43)   -0.19657E+11 -0.16289E+11 -0.13497E+11 -0.11186E+11 -0.77011E+10 -0.77011E+10
      49)   -0.77011E+10 -0.77011E+10 -0.25600E+13 -0.23082E+13 -0.19948E+13 -0.16660E+13
      55)   -0.14470E+13 -0.12567E+13 -0.10915E+13 -0.94796E+12 -0.82332E+12 -0.71506E+12
      61)   -0.62104E+12 -0.53938E+12 -0.46846E+12 -0.40686E+12 -0.35336E+12 -0.30690E+12
      67)   -0.26655E+12 -0.23150E+12 -0.20106E+12 -0.17462E+12 -0.15166E+12 -0.13172E+12
      73)   -0.11440E+12 -0.99357E+11 -0.86293E+11 -0.74946E+11 -0.65092E+11 -0.56533E+11
      79)   -0.49100E+11 -0.42644E+11 -0.37036E+11 -0.32167E+11 -0.27937E+11 -0.24264E+11
      85)   -0.21073E+11 -0.18302E+11 -0.15896E+11 -0.13806E+11 -0.11990E+11 -0.10414E+11
      91)   -0.90445E+10 -0.78552E+10 -0.68224E+10 -0.59253E+10 -0.51462E+10 -0.44695E+10
      97)   -0.38818E+10 -0.31847E+10 -0.27903E+10 -0.25600E+10 -0.25181E+12 -0.31338E+12
     103)   -0.32877E+12 -0.21906E+12 -0.19027E+12 -0.16524E+12 -0.14352E+12 -0.12465E+12
     109)   -0.10826E+12 -0.94022E+11 -0.81660E+11 -0.70922E+11 -0.61597E+11 -0.53497E+11
     115)   -0.46463E+11 -0.40354E+11 -0.35048E+11 -0.30439E+11 -0.26437E+11 -0.22961E+11
     121)   -0.19942E+11 -0.17320E+11 -0.15042E+11 -0.13064E+11 -0.11347E+11 -0.98546E+10
     127)   -0.85588E+10 -0.74335E+10 -0.64560E+10 -0.56071E+10 -0.48699E+10 -0.42295E+10
     133)   -0.36734E+10 -0.31904E+10 -0.27709E+10 -0.24065E+10 -0.20901E+10 -0.18153E+10
     139)   -0.15766E+10 -0.13693E+10 -0.11892E+10 -0.10329E+10 -0.89706E+09 -0.77911E+09
     145)   -0.67666E+09 -0.58770E+09 -0.69712E+09 -0.39443E+09 -0.23027E+09




     ITER =    2     OBJ =   0.13076E+06

     DECISION VARIABLES (X-VECTOR)
       1)    0.25600E+13  0.23082E+13  0.19948E+13  0.16660E+13  0.14470E+13  0.12567E+13
       7)    0.10915E+13  0.94796E+12  0.82332E+12  0.71506E+12  0.62104E+12  0.53938E+12
      13)    0.46846E+12  0.40686E+12  0.35336E+12  0.30690E+12  0.26655E+12  0.23150E+12
      19)    0.20106E+12  0.17462E+12  0.15166E+12  0.13172E+12  0.11440E+12  0.99357E+11
      25)    0.86293E+11  0.74946E+11  0.65092E+11  0.56533E+11  0.49100E+11  0.42644E+11
      31)    0.37036E+11  0.32167E+11  0.27937E+11  0.24264E+11  0.21073E+11  0.18302E+11
      37)    0.15896E+11  0.13806E+11  0.11990E+11  0.10414E+11  0.90445E+10  0.78552E+10
      43)    0.68224E+10  0.59253E+10  0.51462E+10  0.44695E+10  0.38818E+10  0.31847E+10
      49)    0.27903E+10  0.25600E+10

     CONSTRAINT VALUES (G-VECTOR)
       1)   -0.52723E+14 -0.43700E+14 -0.36209E+14 -0.30005E+14 -0.24863E+14 -0.20603E+14
       7)   -0.17072E+14 -0.14147E+14 -0.11723E+14 -0.97139E+13 -0.80494E+13 -0.66701E+13
      13)   -0.55271E+13 -0.45800E+13 -0.37952E+13 -0.31448E+13 -0.26060E+13 -0.21594E+13
      19)   -0.17894E+13 -0.14828E+13 -0.12287E+13 -0.10181E+13 -0.84367E+12 -0.69910E+12
      25)   -0.57930E+12 -0.48004E+12 -0.39778E+12 -0.32962E+12 -0.27313E+12 -0.22633E+12
      31)   -0.18755E+12 -0.15541E+12 -0.12878E+12 -0.10671E+12 -0.88426E+11 -0.73273E+11
      37)   -0.60718E+11 -0.50313E+11 -0.41692E+11 -0.34547E+11 -0.28628E+11 -0.23722E+11
      43)   -0.19657E+11 -0.16289E+11 -0.13497E+11 -0.11186E+11 -0.77011E+10 -0.77011E+10
      49)   -0.77011E+10 -0.77011E+10 -0.25600E+13 -0.23082E+13 -0.19948E+13 -0.16660E+13
      55)   -0.14470E+13 -0.12567E+13 -0.10915E+13 -0.94796E+12 -0.82332E+12 -0.71506E+12
      61)   -0.62104E+12 -0.53938E+12 -0.46846E+12 -0.40686E+12 -0.35336E+12 -0.30690E+12
      67)   -0.26655E+12 -0.23150E+12 -0.20106E+12 -0.17462E+12 -0.15166E+12 -0.13172E+12
      73)   -0.11440E+12 -0.99357E+11 -0.86293E+11 -0.74946E+11 -0.65092E+11 -0.56533E+11
      79)   -0.49100E+11 -0.42644E+11 -0.37036E+11 -0.32167E+11 -0.27937E+11 -0.24264E+11
      85)   -0.21073E+11 -0.18302E+11 -0.15896E+11 -0.13806E+11 -0.11990E+11 -0.10414E+11
      91)   -0.90445E+10 -0.78552E+10 -0.68224E+10 -0.59253E+10 -0.51462E+10 -0.44695E+10
      97)   -0.38818E+10 -0.31847E+10 -0.27903E+10 -0.25600E+10 -0.25181E+12 -0.31338E+12
     103)   -0.32877E+12 -0.21906E+12 -0.19027E+12 -0.16524E+12 -0.14352E+12 -0.12465E+12
     109)   -0.10826E+12 -0.94022E+11 -0.81660E+11 -0.70922E+11 -0.61597E+11 -0.53497E+11
     115)   -0.46463E+11 -0.40354E+11 -0.35048E+11 -0.30439E+11 -0.26437E+11 -0.22961E+11
     121)   -0.19942E+11 -0.17320E+11 -0.15042E+11 -0.13064E+11 -0.11347E+11 -0.98546E+10
     127)   -0.85588E+10 -0.74335E+10 -0.64560E+10 -0.56071E+10 -0.48699E+10 -0.42295E+10
     133)   -0.36734E+10 -0.31904E+10 -0.27709E+10 -0.24065E+10 -0.20901E+10 -0.18153E+10
     139)   -0.15766E+10 -0.13693E+10 -0.11892E+10 -0.10329E+10 -0.89706E+09 -0.77911E+09
     145)   -0.67666E+09 -0.58770E+09 -0.69712E+09 -0.39443E+09 -0.23027E+09
1



    FINAL OPTIMIZATION INFORMATION

     OBJ =   0.130759E+06

     DECISION VARIABLES (X-VECTOR)
       1)    0.25600E+13  0.23082E+13  0.19948E+13  0.16660E+13  0.14470E+13  0.12567E+13
       7)    0.10915E+13  0.94796E+12  0.82332E+12  0.71506E+12  0.62104E+12  0.53938E+12
      13)    0.46846E+12  0.40686E+12  0.35336E+12  0.30690E+12  0.26655E+12  0.23150E+12
      19)    0.20106E+12  0.17462E+12  0.15166E+12  0.13172E+12  0.11440E+12  0.99357E+11
      25)    0.86293E+11  0.74946E+11  0.65092E+11  0.56533E+11  0.49100E+11  0.42644E+11
      31)    0.37036E+11  0.32167E+11  0.27937E+11  0.24264E+11  0.21073E+11  0.18302E+11
      37)    0.15896E+11  0.13806E+11  0.11990E+11  0.10414E+11  0.90445E+10  0.78552E+10
      43)    0.68224E+10  0.59253E+10  0.51462E+10  0.44695E+10  0.38818E+10  0.31847E+10
      49)    0.27903E+10  0.25600E+10

     CONSTRAINT VALUES (G-VECTOR)
       1)   -0.52723E+14 -0.43700E+14 -0.36209E+14 -0.30005E+14 -0.24863E+14 -0.20603E+14
       7)   -0.17072E+14 -0.14147E+14 -0.11723E+14 -0.97139E+13 -0.80494E+13 -0.66701E+13
      13)   -0.55271E+13 -0.45800E+13 -0.37952E+13 -0.31448E+13 -0.26060E+13 -0.21594E+13
      19)   -0.17894E+13 -0.14828E+13 -0.12287E+13 -0.10181E+13 -0.84367E+12 -0.69910E+12
      25)   -0.57930E+12 -0.48004E+12 -0.39778E+12 -0.32962E+12 -0.27313E+12 -0.22633E+12
      31)   -0.18755E+12 -0.15541E+12 -0.12878E+12 -0.10671E+12 -0.88426E+11 -0.73273E+11
      37)   -0.60718E+11 -0.50313E+11 -0.41692E+11 -0.34547E+11 -0.28628E+11 -0.23722E+11
      43)   -0.19657E+11 -0.16289E+11 -0.13497E+11 -0.11186E+11 -0.77011E+10 -0.77011E+10
      49)   -0.77011E+10 -0.77011E+10 -0.25600E+13 -0.23082E+13 -0.19948E+13 -0.16660E+13
      55)   -0.14470E+13 -0.12567E+13 -0.10915E+13 -0.94796E+12 -0.82332E+12 -0.71506E+12
      61)   -0.62104E+12 -0.53938E+12 -0.46846E+12 -0.40686E+12 -0.35336E+12 -0.30690E+12
      67)   -0.26655E+12 -0.23150E+12 -0.20106E+12 -0.17462E+12 -0.15166E+12 -0.13172E+12
      73)   -0.11440E+12 -0.99357E+11 -0.86293E+11 -0.74946E+11 -0.65092E+11 -0.56533E+11
      79)   -0.49100E+11 -0.42644E+11 -0.37036E+11 -0.32167E+11 -0.27937E+11 -0.24264E+11
      85)   -0.21073E+11 -0.18302E+11 -0.15896E+11 -0.13806E+11 -0.11990E+11 -0.10414E+11
      91)   -0.90445E+10 -0.78552E+10 -0.68224E+10 -0.59253E+10 -0.51462E+10 -0.44695E+10
      97)   -0.38818E+10 -0.31847E+10 -0.27903E+10 -0.25600E+10 -0.25181E+12 -0.31338E+12
     103)   -0.32877E+12 -0.21906E+12 -0.19027E+12 -0.16524E+12 -0.14352E+12 -0.12465E+12
     109)   -0.10826E+12 -0.94022E+11 -0.81660E+11 -0.70922E+11 -0.61597E+11 -0.53497E+11
     115)   -0.46463E+11 -0.40354E+11 -0.35048E+11 -0.30439E+11 -0.26437E+11 -0.22961E+11
     121)   -0.19942E+11 -0.17320E+11 -0.15042E+11 -0.13064E+11 -0.11347E+11 -0.98546E+10
     127)   -0.85588E+10 -0.74335E+10 -0.64560E+10 -0.56071E+10 -0.48699E+10 -0.42295E+10
     133)   -0.36734E+10 -0.31904E+10 -0.27709E+10 -0.24065E+10 -0.20901E+10 -0.18153E+10
     139)   -0.15766E+10 -0.13693E+10 -0.11892E+10 -0.10329E+10 -0.89706E+09 -0.77911E+09
     145)   -0.67666E+09 -0.58770E+09 -0.69712E+09 -0.39443E+09 -0.23027E+09

     THERE ARE    0 ACTIVE CONSTRAINTS

     THERE ARE    0 VIOLATED CONSTRAINTS

     TERMINATION CRITERION
          ABS(1-OBJ(I-1)/OBJ(I)) LESS THAN DELFUN FOR  2 ITERATIONS
          ABS(OBJ(I)-OBJ(I-1))   LESS THAN DABFUN FOR  2 ITERATIONS

     NUMBER OF ITERATIONS =    2

     OBJECTIVE FUNCTION WAS EVALUATED            7  TIMES

     CONSTRAINT FUNCTIONS WERE EVALUATED         7  TIMES

     GRADIENT OF OBJECTIVE WAS CALCULATED        2  TIMES

     GRADIENTS OF CONSTRAINTS WERE CALCULATED    2  TIMES


        NUMBER OF FUNC-CALLS:  NFUN =    7
        NUMBER OF GRAD-CALLS:  NGRD =    2
